<?xml version="1.0" encoding="UTF-8"?><testsuite errors="1" failures="0" name="Button Beli" skipped="0" tests="1" time="82.36" timestamp="2022-11-04 11:52:08"><testcase name="Beli one product"><error message="An element could not be located on the page using the given search parameters.&#10;For documentation on this error, please visit: https://www.seleniumhq.org/exceptions/no_such_element.html&#10;Build info: version: '3.141.59', revision: 'e82be7d358', time: '2018-11-14T08:17:03'&#10;System info: host: 'MYLNAP', ip: '192.168.110.45', os.name: 'Windows 11', os.arch: 'amd64', os.version: '10.0', java.version: '11.0.16'&#10;Driver info: io.appium.java_client.android.AndroidDriver&#10;Capabilities {app: D:\TIC\Kampus Merdeka\MSIB\..., appPackage: com.example.frontend_mobile, automationName: UIAutomator2, databaseEnabled: false, desired: {app: D:\TIC\Kampus Merdeka\MSIB\..., automationName: UIAutomator2, platformName: android, platformVersion: 12}, deviceApiLevel: 31, deviceManufacturer: vivo, deviceModel: V2027, deviceName: 5c4a3aa1, deviceScreenDensity: 320, deviceScreenSize: 720x1600, deviceUDID: 5c4a3aa1, javascriptEnabled: true, locationContextEnabled: false, networkConnectionEnabled: true, pixelRatio: 2, platform: LINUX, platformName: Android, platformVersion: 12, statBarHeight: 56, takesScreenshot: true, viewportRect: {height: 1414, left: 0, top: 56, width: 720}, warnings: {}, webStorageEnabled: false}&#10;Session ID: 942b10a6-845b-411e-81a9-0fe46164150f&#10;*** Element info: {Using=-android uiautomator, value=new UiScrollable(new UiSelector().scrollable(true).instance(0)).scrollIntoView(new UiSelector().textContains(&quot;Sony PS5&quot;).instance(0))}&#10;For documentation on this error, please visit: https://www.seleniumhq.org/exceptions/no_such_element.html&#10;Build info: version: '3.141.59', revision: 'e82be7d358', time: '2018-11-14T08:17:03'&#10;System info: host: 'MYLNAP', ip: '192.168.110.45', os.name: 'Windows 11', os.arch: 'amd64', os.version: '10.0', java.version: '11.0.16'&#10;Driver info: driver.version: AndroidDriver" type="org.openqa.selenium.NoSuchElementException">An element could not be located on the page using the given search parameters.
For documentation on this error, please visit: https://www.seleniumhq.org/exceptions/no_such_element.html
Build info: version: '3.141.59', revision: 'e82be7d358', time: '2018-11-14T08:17:03'
System info: host: 'MYLNAP', ip: '192.168.110.45', os.name: 'Windows 11', os.arch: 'amd64', os.version: '10.0', java.version: '11.0.16'
Driver info: io.appium.java_client.android.AndroidDriver
Capabilities {app: D:\TIC\Kampus Merdeka\MSIB\..., appPackage: com.example.frontend_mobile, automationName: UIAutomator2, databaseEnabled: false, desired: {app: D:\TIC\Kampus Merdeka\MSIB\..., automationName: UIAutomator2, platformName: android, platformVersion: 12}, deviceApiLevel: 31, deviceManufacturer: vivo, deviceModel: V2027, deviceName: 5c4a3aa1, deviceScreenDensity: 320, deviceScreenSize: 720x1600, deviceUDID: 5c4a3aa1, javascriptEnabled: true, locationContextEnabled: false, networkConnectionEnabled: true, pixelRatio: 2, platform: LINUX, platformName: Android, platformVersion: 12, statBarHeight: 56, takesScreenshot: true, viewportRect: {height: 1414, left: 0, top: 56, width: 720}, warnings: {}, webStorageEnabled: false}
Session ID: 942b10a6-845b-411e-81a9-0fe46164150f
*** Element info: {Using=-android uiautomator, value=new UiScrollable(new UiSelector().scrollable(true).instance(0)).scrollIntoView(new UiSelector().textContains("Sony PS5").instance(0))}
For documentation on this error, please visit: https://www.seleniumhq.org/exceptions/no_such_element.html
Build info: version: '3.141.59', revision: 'e82be7d358', time: '2018-11-14T08:17:03'
System info: host: 'MYLNAP', ip: '192.168.110.45', os.name: 'Windows 11', os.arch: 'amd64', os.version: '10.0', java.version: '11.0.16'
Driver info: driver.version: AndroidDriver</error><system-err>An element could not be located on the page using the given search parameters.
For documentation on this error, please visit: https://www.seleniumhq.org/exceptions/no_such_element.html
Build info: version: '3.141.59', revision: 'e82be7d358', time: '2018-11-14T08:17:03'
System info: host: 'MYLNAP', ip: '192.168.110.45', os.name: 'Windows 11', os.arch: 'amd64', os.version: '10.0', java.version: '11.0.16'
Driver info: io.appium.java_client.android.AndroidDriver
Capabilities {app: D:\TIC\Kampus Merdeka\MSIB\..., appPackage: com.example.frontend_mobile, automationName: UIAutomator2, databaseEnabled: false, desired: {app: D:\TIC\Kampus Merdeka\MSIB\..., automationName: UIAutomator2, platformName: android, platformVersion: 12}, deviceApiLevel: 31, deviceManufacturer: vivo, deviceModel: V2027, deviceName: 5c4a3aa1, deviceScreenDensity: 320, deviceScreenSize: 720x1600, deviceUDID: 5c4a3aa1, javascriptEnabled: true, locationContextEnabled: false, networkConnectionEnabled: true, pixelRatio: 2, platform: LINUX, platformName: Android, platformVersion: 12, statBarHeight: 56, takesScreenshot: true, viewportRect: {height: 1414, left: 0, top: 56, width: 720}, warnings: {}, webStorageEnabled: false}
Session ID: 942b10a6-845b-411e-81a9-0fe46164150f
*** Element info: {Using=-android uiautomator, value=new UiScrollable(new UiSelector().scrollable(true).instance(0)).scrollIntoView(new UiSelector().textContains("Sony PS5").instance(0))}
For documentation on this error, please visit: https://www.seleniumhq.org/exceptions/no_such_element.html
Build info: version: '3.141.59', revision: 'e82be7d358', time: '2018-11-14T08:17:03'
System info: host: 'MYLNAP', ip: '192.168.110.45', os.name: 'Windows 11', os.arch: 'amd64', os.version: '10.0', java.version: '11.0.16'
Driver info: driver.version: AndroidDriver&#13;
io.appium.java_client.remote.AppiumCommandExecutor.execute(AppiumCommandExecutor.java:250)&#13;
io.appium.java_client.DefaultGenericMobileDriver.execute(DefaultGenericMobileDriver.java:41)&#13;
io.appium.java_client.AppiumDriver.execute(AppiumDriver.java:1)&#13;
io.appium.java_client.android.AndroidDriver.execute(AndroidDriver.java:1)&#13;
io.appium.java_client.DefaultGenericMobileDriver.findElement(DefaultGenericMobileDriver.java:61)&#13;
io.appium.java_client.AppiumDriver.findElement(AppiumDriver.java:1)&#13;
io.appium.java_client.android.AndroidDriver.findElement(AndroidDriver.java:1)&#13;
io.appium.java_client.FindsByAndroidUIAutomator.findElementByAndroidUIAutomator(FindsByAndroidUIAutomator.java:38)&#13;
sample.mobile.automation@1.0-SNAPSHOT/com.example.app.base.BasePageObject.scrollAndClickBytext(BasePageObject.java:55)&#13;
sample.mobile.automation@1.0-SNAPSHOT/com.example.app.pages.BeliPage.clckProd3(BeliPage.java:24)&#13;
sample.mobile.automation@1.0-SNAPSHOT/com.example.steps.BeliStep.iClickBeliButtonProduct3(BeliStep.java:29)&#13;
✽.I click beli button product 3(file:///D:/TIC/Kampus%20Merdeka/MSIB/Studi%20Independen/Alterra/MiniProject/MobileTesting/sample-mobile-automation/src/test/resources/features/Beli.feature:29)&#13;
</system-err></testcase></testsuite>